<?xml version="1.0" encoding="UTF-8"?>
<!-- Generated by org.testng.reporters.JUnitXMLReporter -->
<testsuite ignored="0" hostname="Somashekars-iMac.local" failures="0" tests="3" name="Default test" time="33.469" errors="0" timestamp="2024-01-28T11:34:22 IST">
  <testcase classname="com.nucot.qa.hrm.pagetests.LoginPageTest" name="loginPageTitleTest" time="0.017"/>
  <testcase classname="com.nucot.qa.hrm.pagetests.LoginPageTest" name="loginPageCurrentUrlTest" time="0.009"/>
  <testcase classname="com.nucot.qa.hrm.pagetests.LoginPageTest" name="doLoginPageTest" time="4.312"/>
</testsuite> <!-- Default test -->
