<?xml version="1.0" encoding="UTF-8"?>
<!-- Generated by org.testng.reporters.JUnitXMLReporter -->
<testsuite ignored="0" hostname="Somashekars-iMac.local" failures="0" tests="3" name="Default test" time="38.204" errors="0" timestamp="2024-01-22T09:18:42 IST">
  <testcase classname="testngsessions.com.Loginpage" name="titleOfPage" time="0.176"/>
  <testcase classname="testngsessions.com.Loginpage" name="currentUrlOfPage" time="0.129"/>
  <testcase classname="testngsessions.com.Loginpage" name="loginpage" time="14.217"/>
</testsuite> <!-- Default test -->
