<?xml version="1.0" encoding="UTF-8"?>
<testng-results ignored="0" total="3" passed="3" failed="0" skipped="0">
  <reporter-output>
  </reporter-output>
  <suite started-at="2024-01-28T11:33:48 IST" name="Default suite" finished-at="2024-01-28T11:34:22 IST" duration-ms="33469">
    <groups>
    </groups>
    <test started-at="2024-01-28T11:33:48 IST" name="Default test" finished-at="2024-01-28T11:34:22 IST" duration-ms="33469">
      <class name="com.nucot.qa.hrm.pagetests.LoginPageTest">
        <test-method is-config="true" signature="setup()[pri:0, instance:com.nucot.qa.hrm.pagetests.LoginPageTest@bd4dc25]" started-at="2024-01-28T11:33:48 IST" name="setup" finished-at="2024-01-28T11:34:17 IST" duration-ms="28401" status="PASS">
          <reporter-output>
          </reporter-output>
        </test-method> <!-- setup -->
        <test-method signature="loginPageTitleTest()[pri:1, instance:com.nucot.qa.hrm.pagetests.LoginPageTest@bd4dc25]" started-at="2024-01-28T11:34:17 IST" name="loginPageTitleTest" finished-at="2024-01-28T11:34:17 IST" duration-ms="17" status="PASS">
          <reporter-output>
          </reporter-output>
        </test-method> <!-- loginPageTitleTest -->
        <test-method signature="loginPageCurrentUrlTest()[pri:2, instance:com.nucot.qa.hrm.pagetests.LoginPageTest@bd4dc25]" started-at="2024-01-28T11:34:17 IST" name="loginPageCurrentUrlTest" finished-at="2024-01-28T11:34:17 IST" duration-ms="9" status="PASS">
          <reporter-output>
          </reporter-output>
        </test-method> <!-- loginPageCurrentUrlTest -->
        <test-method signature="doLoginPageTest()[pri:3, instance:com.nucot.qa.hrm.pagetests.LoginPageTest@bd4dc25]" started-at="2024-01-28T11:34:17 IST" name="doLoginPageTest" finished-at="2024-01-28T11:34:21 IST" duration-ms="4312" status="PASS">
          <reporter-output>
          </reporter-output>
        </test-method> <!-- doLoginPageTest -->
        <test-method is-config="true" signature="closeApp()[pri:0, instance:com.nucot.qa.hrm.pagetests.LoginPageTest@bd4dc25]" started-at="2024-01-28T11:34:21 IST" name="closeApp" finished-at="2024-01-28T11:34:22 IST" duration-ms="665" status="PASS">
          <reporter-output>
          </reporter-output>
        </test-method> <!-- closeApp -->
      </class> <!-- com.nucot.qa.hrm.pagetests.LoginPageTest -->
    </test> <!-- Default test -->
  </suite> <!-- Default suite -->
</testng-results>
