<?xml version="1.0" encoding="UTF-8"?>
<testng-results ignored="0" total="3" passed="3" failed="0" skipped="0">
  <reporter-output>
  </reporter-output>
  <suite started-at="2024-01-22T09:18:04 IST" name="Default suite" finished-at="2024-01-22T09:18:42 IST" duration-ms="38204">
    <groups>
    </groups>
    <test started-at="2024-01-22T09:18:04 IST" name="Default test" finished-at="2024-01-22T09:18:42 IST" duration-ms="38204">
      <class name="testngsessions.com.Loginpage">
        <test-method is-config="true" signature="launchBrowser()[pri:0, instance:testngsessions.com.Loginpage@57af006c]" started-at="2024-01-22T09:18:04 IST" name="launchBrowser" finished-at="2024-01-22T09:18:14 IST" duration-ms="10053" status="PASS">
          <reporter-output>
          </reporter-output>
        </test-method> <!-- launchBrowser -->
        <test-method signature="titleOfPage()[pri:1, instance:testngsessions.com.Loginpage@57af006c]" started-at="2024-01-22T09:18:14 IST" name="titleOfPage" finished-at="2024-01-22T09:18:14 IST" duration-ms="176" status="PASS">
          <reporter-output>
          </reporter-output>
        </test-method> <!-- titleOfPage -->
        <test-method is-config="true" signature="appclose()[pri:0, instance:testngsessions.com.Loginpage@57af006c]" started-at="2024-01-22T09:18:14 IST" name="appclose" finished-at="2024-01-22T09:18:14 IST" duration-ms="101" status="PASS">
          <reporter-output>
          </reporter-output>
        </test-method> <!-- appclose -->
        <test-method is-config="true" signature="launchBrowser()[pri:0, instance:testngsessions.com.Loginpage@57af006c]" started-at="2024-01-22T09:18:14 IST" name="launchBrowser" finished-at="2024-01-22T09:18:21 IST" duration-ms="6698" status="PASS">
          <reporter-output>
          </reporter-output>
        </test-method> <!-- launchBrowser -->
        <test-method signature="currentUrlOfPage()[pri:2, instance:testngsessions.com.Loginpage@57af006c]" started-at="2024-01-22T09:18:21 IST" name="currentUrlOfPage" finished-at="2024-01-22T09:18:21 IST" duration-ms="129" status="PASS">
          <reporter-output>
          </reporter-output>
        </test-method> <!-- currentUrlOfPage -->
        <test-method is-config="true" signature="appclose()[pri:0, instance:testngsessions.com.Loginpage@57af006c]" started-at="2024-01-22T09:18:21 IST" name="appclose" finished-at="2024-01-22T09:18:21 IST" duration-ms="89" status="PASS">
          <reporter-output>
          </reporter-output>
        </test-method> <!-- appclose -->
        <test-method is-config="true" signature="launchBrowser()[pri:0, instance:testngsessions.com.Loginpage@57af006c]" started-at="2024-01-22T09:18:21 IST" name="launchBrowser" finished-at="2024-01-22T09:18:28 IST" duration-ms="6569" status="PASS">
          <reporter-output>
          </reporter-output>
        </test-method> <!-- launchBrowser -->
        <test-method signature="loginpage()[pri:3, instance:testngsessions.com.Loginpage@57af006c]" started-at="2024-01-22T09:18:28 IST" name="loginpage" finished-at="2024-01-22T09:18:42 IST" duration-ms="14217" status="PASS">
          <reporter-output>
          </reporter-output>
        </test-method> <!-- loginpage -->
        <test-method is-config="true" signature="appclose()[pri:0, instance:testngsessions.com.Loginpage@57af006c]" started-at="2024-01-22T09:18:42 IST" name="appclose" finished-at="2024-01-22T09:18:42 IST" duration-ms="103" status="PASS">
          <reporter-output>
          </reporter-output>
        </test-method> <!-- appclose -->
      </class> <!-- testngsessions.com.Loginpage -->
    </test> <!-- Default test -->
  </suite> <!-- Default suite -->
</testng-results>
